<?xml version="1.0" encoding="UTF-8"?>
<robot generated="20170221 18:36:21.043" generator="Robot 2.8.7 (Python 2.7.10 on darwin)">
<suite source="/Users/phatpan/workspace/csmju/robot/validateUsername.robot" id="s1" name="validateUsername">
<test id="s1-t1" name="Get Username">
<kw type="kw" name="Go To MyApp">
<doc></doc>
<arguments>
</arguments>
<kw type="kw" name="Selenium2Library.Open Browser">
<doc>Opens a new browser instance to given URL.</doc>
<arguments>
<arg>${URL}</arg>
<arg>${BROWSER_DRIVER}</arg>
</arguments>
<msg timestamp="20170221 18:36:21.197" level="INFO">Opening browser 'chrome' to base url 'http://188.166.212.15/'</msg>
<status status="PASS" endtime="20170221 18:36:23.809" starttime="20170221 18:36:21.197"></status>
</kw>
<status status="PASS" endtime="20170221 18:36:23.809" starttime="20170221 18:36:21.196"></status>
</kw>
<kw type="kw" name="Selenium2Library.Input Text">
<doc>Types the given `text` into text field identified by `locator`.</doc>
<arguments>
<arg>username</arg>
<arg>12345678</arg>
</arguments>
<msg timestamp="20170221 18:36:23.810" level="INFO">Typing text '12345678' into text field 'username'</msg>
<status status="PASS" endtime="20170221 18:36:23.961" starttime="20170221 18:36:23.810"></status>
</kw>
<kw type="kw" name="Get Length Username">
<doc></doc>
<arguments>
</arguments>
<kw type="kw" name="Selenium2Library.Wait For Condition">
<doc>Waits until the given `condition` is true or `timeout` expires.</doc>
<arguments>
<arg>return $("#username").val() == "12345678";</arg>
</arguments>
<kw type="kw" name="Selenium2Library.Capture Page Screenshot">
<doc>Takes a screenshot of the current page and embeds it into the log.</doc>
<arguments>
</arguments>
<msg timestamp="20170221 18:36:24.416" html="yes" level="INFO">&lt;/td&gt;&lt;/tr&gt;&lt;tr&gt;&lt;td colspan="3"&gt;&lt;a href="selenium-screenshot-1.png"&gt;&lt;img src="selenium-screenshot-1.png" width="800px"&gt;&lt;/a&gt;</msg>
<status status="PASS" endtime="20170221 18:36:24.416" starttime="20170221 18:36:23.976"></status>
</kw>
<msg timestamp="20170221 18:36:24.418" level="FAIL">WebDriverException: Message: unknown error: $ is not defined
  (Session info: chrome=56.0.2924.87)
  (Driver info: chromedriver=2.25.426935 (820a95b0b81d33e42712f9198c215f703412e1a1),platform=Mac OS X 10.12.2 x86_64)
</msg>
<status status="FAIL" endtime="20170221 18:36:24.419" starttime="20170221 18:36:23.963"></status>
</kw>
<status status="FAIL" endtime="20170221 18:36:24.419" starttime="20170221 18:36:23.962"></status>
</kw>
<doc></doc>
<tags>
</tags>
<status status="FAIL" endtime="20170221 18:36:24.420" critical="yes" starttime="20170221 18:36:21.196">WebDriverException: Message: unknown error: $ is not defined
  (Session info: chrome=56.0.2924.87)
  (Driver info: chromedriver=2.25.426935 (820a95b0b81d33e42712f9198c215f703412e1a1),platform=Mac OS X 10.12.2 x86_64)
</status>
</test>
<doc></doc>
<metadata>
</metadata>
<status status="FAIL" endtime="20170221 18:36:24.420" starttime="20170221 18:36:21.044"></status>
</suite>
<statistics>
<total>
<stat fail="1" pass="0">Critical Tests</stat>
<stat fail="1" pass="0">All Tests</stat>
</total>
<tag>
</tag>
<suite>
<stat fail="1" pass="0" id="s1" name="validateUsername">validateUsername</stat>
</suite>
</statistics>
<errors>
</errors>
</robot>
